==PROF== Connected to process 585869 (/home/bric/Workspace/context_sm/cuda/build/l2_dissect_test)
==PROF== Profiling "dissect_page" - 0: 0%....50%....100% - 16 passes
947	 2800041
==PROF== Disconnected from process 585869
[585869] l2_dissect_test@127.0.0.1
  dissect_page(unsigned int *, int, int, long long *, unsigned int *), 2023-Feb-16 20:29:23, Context 1, Stream 7
    Section: Command line profiler metrics
    ---------------------------------------------------------------------- --------------- ------------------------------
    lts__t_requests.sum                                                            request                         13,458
    lts__t_requests_srcunit_tex.sum                                                request                            636
    lts__t_requests_srcunit_tex_op_atom_dot_alu.sum                                request                              0
    lts__t_requests_srcunit_tex_op_atom_dot_cas.sum                                request                              0
    lts__t_requests_srcunit_tex_op_read.sum                                        request                            626
    lts__t_requests_srcunit_tex_op_red.sum                                         request                              0
    lts__t_requests_srcunit_tex_op_write.sum                                       request                             10
    lts__t_sectors.avg.pct_of_peak_sustained_elapsed                                     %                           0.65
    lts__t_sectors.avg.peak_sustained                                         sector/cycle                              1
    lts__t_sectors.avg.per_cycle_elapsed                                      sector/cycle                           0.01
    lts__t_sectors.sum                                                              sector                        312,232
    lts__t_sectors.sum.per_second                                           sector/usecond                         147.02
    lts__t_sectors_aperture_device_lookup_miss.sum                                  sector                         57,126
    lts__t_sectors_aperture_peer_lookup_miss.sum                                    sector                              0
    lts__t_sectors_aperture_sysmem_lookup_miss.sum                                  sector                              1
    lts__t_sectors_data_ecc.avg.pct_of_peak_sustained_elapsed                            %                              0
    lts__t_sectors_data_ecc.avg.peak_sustained                                sector/cycle                              8
    lts__t_sectors_data_ecc.avg.per_cycle_elapsed                             sector/cycle                              0
    lts__t_sectors_data_ecc.sum                                                     sector                              0
    lts__t_sectors_data_ecc.sum.per_second                                   sector/second                              0
    lts__t_sectors_lookup_hit.sum                                                   sector                         10,705
    lts__t_sectors_lookup_miss.sum                                                  sector                         51,319
    lts__t_sectors_srcunit_tex.avg.pct_of_peak_sustained_elapsed                         %                           0.00
    lts__t_sectors_srcunit_tex.avg.peak_sustained                             sector/cycle                              1
    lts__t_sectors_srcunit_tex.avg.per_cycle_elapsed                          sector/cycle                           0.00
    lts__t_sectors_srcunit_tex.sum                                                  sector                            642
    lts__t_sectors_srcunit_tex.sum.per_second                               sector/msecond                         302.29
    lts__t_sectors_srcunit_tex_aperture_device_lookup_miss.sum                      sector                            626
    lts__t_sectors_srcunit_tex_aperture_device_op_atom_dot_alu_lookup_miss          sector                              0
    .sum                                                                                                                 
    lts__t_sectors_srcunit_tex_aperture_device_op_atom_dot_cas_lookup_miss          sector                              0
    .sum                                                                                                                 
    lts__t_sectors_srcunit_tex_aperture_device_op_read_lookup_miss.sum              sector                            626
    lts__t_sectors_srcunit_tex_aperture_device_op_red_lookup_miss.sum               sector                              0
    lts__t_sectors_srcunit_tex_aperture_device_op_write_lookup_miss.sum             sector                              0
    lts__t_sectors_srcunit_tex_aperture_peer_lookup_miss.sum                        sector                              0
    lts__t_sectors_srcunit_tex_aperture_peer_op_atom_dot_alu_lookup_miss.s          sector                              0
    um                                                                                                                   
    lts__t_sectors_srcunit_tex_aperture_peer_op_atom_dot_cas_lookup_miss.s          sector                              0
    um                                                                                                                   
    lts__t_sectors_srcunit_tex_aperture_peer_op_read_lookup_miss.sum                sector                              0
    lts__t_sectors_srcunit_tex_aperture_peer_op_red_lookup_miss.sum                 sector                              0
    lts__t_sectors_srcunit_tex_aperture_peer_op_write_lookup_miss.sum               sector                              0
    lts__t_sectors_srcunit_tex_aperture_sysmem_lookup_miss.sum                      sector                              0
    lts__t_sectors_srcunit_tex_aperture_sysmem_op_atom_dot_alu_lookup_miss          sector                              0
    .sum                                                                                                                 
    lts__t_sectors_srcunit_tex_aperture_sysmem_op_atom_dot_cas_lookup_miss          sector                              0
    .sum                                                                                                                 
    lts__t_sectors_srcunit_tex_aperture_sysmem_op_read_lookup_miss.sum              sector                              0
    lts__t_sectors_srcunit_tex_aperture_sysmem_op_red_lookup_miss.sum               sector                              0
    lts__t_sectors_srcunit_tex_aperture_sysmem_op_write_lookup_miss.sum             sector                              0
    lts__t_sectors_srcunit_tex_lookup_hit.sum                                       sector                             16
    lts__t_sectors_srcunit_tex_lookup_miss.sum                                      sector                            626
    lts__t_sectors_srcunit_tex_op_atom_dot_alu.avg.pct_of_peak_sustained_e               %                              0
    lapsed                                                                                                               
    lts__t_sectors_srcunit_tex_op_atom_dot_alu.avg.peak_sustained             sector/cycle                              1
    lts__t_sectors_srcunit_tex_op_atom_dot_alu.avg.per_cycle_elapsed          sector/cycle                              0
    lts__t_sectors_srcunit_tex_op_atom_dot_alu.sum                                  sector                              0
    lts__t_sectors_srcunit_tex_op_atom_dot_alu.sum.per_second                sector/second                              0
    lts__t_sectors_srcunit_tex_op_atom_dot_alu_lookup_hit.sum                       sector                              0
    lts__t_sectors_srcunit_tex_op_atom_dot_alu_lookup_miss.sum                      sector                              0
    lts__t_sectors_srcunit_tex_op_atom_dot_cas.avg.pct_of_peak_sustained_e               %                              0
    lapsed                                                                                                               
    lts__t_sectors_srcunit_tex_op_atom_dot_cas.avg.peak_sustained             sector/cycle                              1
    lts__t_sectors_srcunit_tex_op_atom_dot_cas.avg.per_cycle_elapsed          sector/cycle                              0
    lts__t_sectors_srcunit_tex_op_atom_dot_cas.sum                                  sector                              0
    lts__t_sectors_srcunit_tex_op_atom_dot_cas.sum.per_second                sector/second                              0
    lts__t_sectors_srcunit_tex_op_atom_dot_cas_lookup_hit.sum                       sector                              0
    lts__t_sectors_srcunit_tex_op_atom_dot_cas_lookup_miss.sum                      sector                              0
    lts__t_sectors_srcunit_tex_op_read.avg.pct_of_peak_sustained_elapsed                 %                           0.00
    lts__t_sectors_srcunit_tex_op_read.avg.peak_sustained                     sector/cycle                              1
    lts__t_sectors_srcunit_tex_op_read.avg.per_cycle_elapsed                  sector/cycle                           0.00
    lts__t_sectors_srcunit_tex_op_read.sum                                          sector                            626
    lts__t_sectors_srcunit_tex_op_read.sum.per_second                       sector/msecond                         294.76
    lts__t_sectors_srcunit_tex_op_read_lookup_hit.sum                               sector                              0
    lts__t_sectors_srcunit_tex_op_read_lookup_miss.sum                              sector                            626
    lts__t_sectors_srcunit_tex_op_red.avg.pct_of_peak_sustained_elapsed                  %                              0
    lts__t_sectors_srcunit_tex_op_red.avg.peak_sustained                      sector/cycle                              1
    lts__t_sectors_srcunit_tex_op_red.avg.per_cycle_elapsed                   sector/cycle                              0
    lts__t_sectors_srcunit_tex_op_red.sum                                           sector                              0
    lts__t_sectors_srcunit_tex_op_red.sum.per_second                         sector/second                              0
    lts__t_sectors_srcunit_tex_op_red_lookup_hit.sum                                sector                              0
    lts__t_sectors_srcunit_tex_op_red_lookup_miss.sum                               sector                              0
    lts__t_sectors_srcunit_tex_op_write.avg.pct_of_peak_sustained_elapsed                %                           0.00
    lts__t_sectors_srcunit_tex_op_write.avg.peak_sustained                    sector/cycle                              1
    lts__t_sectors_srcunit_tex_op_write.avg.per_cycle_elapsed                 sector/cycle                           0.00
    lts__t_sectors_srcunit_tex_op_write.sum                                         sector                             16
    lts__t_sectors_srcunit_tex_op_write.sum.per_second                      sector/msecond                           7.53
    lts__t_sectors_srcunit_tex_op_write_lookup_hit.sum                              sector                             16
    lts__t_sectors_srcunit_tex_op_write_lookup_miss.sum                             sector                              0
    ---------------------------------------------------------------------- --------------- ------------------------------

